<?xml version="1.0" encoding="UTF-8"?>
<testng-results ignored="0" total="3" passed="3" failed="0" skipped="0">
  <reporter-output>
    <line>
      <![CDATA[Navigating to http://localhost/OnlineShopping-master/index.php]]>
    </line>
    <line>
      <![CDATA[Navigating to http://localhost/OnlineShopping-master/index.php]]>
    </line>
    <line>
      <![CDATA[Navigating to http://localhost/OnlineShopping-master/index.php]]>
    </line>
  </reporter-output>
  <suite started-at="2023-11-09T17:08:13 GMT" name="Suite" finished-at="2023-11-09T17:08:29 GMT" duration-ms="16109">
    <groups>
    </groups>
    <test started-at="2023-11-09T17:08:13 GMT" name="Test" finished-at="2023-11-09T17:08:29 GMT" duration-ms="16109">
      <class name="tests.Store_Login_Tests">
        <test-method is-config="true" signature="beforeMethod()[pri:0, instance:tests.Store_Login_Tests@4a883b15]" started-at="2023-11-09T17:08:13 GMT" name="beforeMethod" finished-at="2023-11-09T17:08:17 GMT" duration-ms="4104" status="PASS">
          <reporter-output>
          </reporter-output>
        </test-method> <!-- beforeMethod -->
        <test-method signature="Dstore_login01()[pri:0, instance:tests.Store_Login_Tests@4a883b15]" started-at="2023-11-09T17:08:17 GMT" name="Dstore_login01" finished-at="2023-11-09T17:08:21 GMT" duration-ms="3876" status="PASS">
          <reporter-output>
            <line>
              <![CDATA[Navigating to http://localhost/OnlineShopping-master/index.php]]>
            </line>
          </reporter-output>
        </test-method> <!-- Dstore_login01 -->
        <test-method is-config="true" signature="afterMethod()[pri:0, instance:tests.Store_Login_Tests@4a883b15]" started-at="2023-11-09T17:08:21 GMT" name="afterMethod" finished-at="2023-11-09T17:08:22 GMT" duration-ms="380" status="PASS">
          <reporter-output>
          </reporter-output>
        </test-method> <!-- afterMethod -->
      </class> <!-- tests.Store_Login_Tests -->
      <class name="tests.Store_Register_Tests">
        <test-method is-config="true" signature="beforeMethod()[pri:0, instance:tests.Store_Register_Tests@78e4deb0]" started-at="2023-11-09T17:08:22 GMT" name="beforeMethod" finished-at="2023-11-09T17:08:23 GMT" duration-ms="1466" status="PASS">
          <reporter-output>
          </reporter-output>
        </test-method> <!-- beforeMethod -->
        <test-method signature="Dstore_login01()[pri:0, instance:tests.Store_Register_Tests@78e4deb0]" started-at="2023-11-09T17:08:23 GMT" name="Dstore_login01" finished-at="2023-11-09T17:08:24 GMT" duration-ms="1462" status="PASS">
          <reporter-output>
            <line>
              <![CDATA[Navigating to http://localhost/OnlineShopping-master/index.php]]>
            </line>
          </reporter-output>
        </test-method> <!-- Dstore_login01 -->
        <test-method is-config="true" signature="afterMethod()[pri:0, instance:tests.Store_Register_Tests@78e4deb0]" started-at="2023-11-09T17:08:24 GMT" name="afterMethod" finished-at="2023-11-09T17:08:25 GMT" duration-ms="185" status="PASS">
          <reporter-output>
          </reporter-output>
        </test-method> <!-- afterMethod -->
      </class> <!-- tests.Store_Register_Tests -->
      <class name="tests.Store_Cart_Tests">
        <test-method is-config="true" signature="beforeMethod()[pri:0, instance:tests.Store_Cart_Tests@6e9175d8]" started-at="2023-11-09T17:08:25 GMT" name="beforeMethod" finished-at="2023-11-09T17:08:26 GMT" duration-ms="1322" status="PASS">
          <reporter-output>
          </reporter-output>
        </test-method> <!-- beforeMethod -->
        <test-method signature="Dstore_login01()[pri:0, instance:tests.Store_Cart_Tests@6e9175d8]" started-at="2023-11-09T17:08:26 GMT" name="Dstore_login01" finished-at="2023-11-09T17:08:29 GMT" duration-ms="3014" status="PASS">
          <reporter-output>
            <line>
              <![CDATA[Navigating to http://localhost/OnlineShopping-master/index.php]]>
            </line>
          </reporter-output>
        </test-method> <!-- Dstore_login01 -->
        <test-method is-config="true" signature="afterMethod()[pri:0, instance:tests.Store_Cart_Tests@6e9175d8]" started-at="2023-11-09T17:08:29 GMT" name="afterMethod" finished-at="2023-11-09T17:08:29 GMT" duration-ms="232" status="PASS">
          <reporter-output>
          </reporter-output>
        </test-method> <!-- afterMethod -->
      </class> <!-- tests.Store_Cart_Tests -->
    </test> <!-- Test -->
  </suite> <!-- Suite -->
</testng-results>
