<?xml version="1.0" encoding="UTF-8"?>
<!-- Generated by org.testng.reporters.JUnitXMLReporter -->
<testsuite ignored="0" hostname="DESKTOP-EA7D6FA" failures="0" tests="3" name="Test" time="16.109" errors="0" timestamp="2023-11-09T17:08:29 GMT">
  <testcase classname="tests.Store_Login_Tests" name="Dstore_login01" time="3.876"/>
  <testcase classname="tests.Store_Register_Tests" name="Dstore_login01" time="1.462"/>
  <testcase classname="tests.Store_Cart_Tests" name="Dstore_login01" time="3.014"/>
</testsuite> <!-- Test -->
